<!DOCTYPE html PUBLIC "-//W3C//DTD XHTML 1.1//EN" "http://www.w3.org/TR/xhtml11/DTD/xhtml11.dtd">
<html xmlns="http://www.w3.org/1999/xhtml"><head><title>TestNG Report</title><style type="text/css">table {margin-bottom:10px;border-collapse:collapse;empty-cells:show}th,td {border:1px solid #009;padding:.25em .5em}th {vertical-align:bottom}td {vertical-align:top}table a {font-weight:bold}.stripe td {background-color: #E6EBF9}.num {text-align:right}.passedodd td {background-color: #3F3}.passedeven td {background-color: #0A0}.skippedodd td {background-color: #DDD}.skippedeven td {background-color: #CCC}.failedodd td,.attn {background-color: #F33}.failedeven td,.stripe .attn {background-color: #D00}.stacktrace {white-space:pre;font-family:monospace}.totop {font-size:85%;text-align:center;border-bottom:2px solid #000}</style></head><body><table><tr><th>Test</th><th># Passed</th><th># Skipped</th><th># Failed</th><th>Time (ms)</th><th>Included Groups</th><th>Excluded Groups</th></tr><tr><th colspan="7">Regression</th></tr><tr><td><a href="#t0">GmailTest</a></td><td class="num">1</td><td class="num">0</td><td class="num attn">2</td><td class="num">1,529,203</td><td></td><td></td></tr></table><table><thead><tr><th>Class</th><th>Method</th><th>Start</th><th>Time (ms)</th></tr></thead><tbody><tr><th colspan="4">Regression</th></tr></tbody><tbody id="t0"><tr><th colspan="4">GmailTest &#8212; failed</th></tr><tr class="failedeven"><td rowspan="1">com.test.automation.gmail.Test.TC001_VerifyLogin</td><td><a href="#m0">verifyLogin</a></td><td rowspan="1">1501399415264</td><td rowspan="1">32130</td></tr><tr class="failedodd"><td rowspan="1">com.test.automation.gmail.Test.TC002_VerifySendEmail</td><td><a href="#m1">verifySendEmail</a></td><td rowspan="1">1501399465304</td><td rowspan="1">50343</td></tr><tr><th colspan="4">GmailTest &#8212; passed</th></tr><tr class="passedeven"><td rowspan="1">com.test.automation.gmail.Test.TC003_Verify_Deletion_Of_Mail</td><td><a href="#m2">verify_Deletion_Of_Mail</a></td><td rowspan="1">1501399534901</td><td rowspan="1">17811</td></tr></tbody></table><h2>GmailTest</h2><h3 id="m0">com.test.automation.gmail.Test.TC001_VerifyLogin#verifyLogin</h3><table class="result"><tr><th>Messages</th></tr><tr><td><div class="messages">&lt;a href=&apos;C:\Users\Ajinkya\git\automation\gmail\src\main\java\com\test\automation\gmail\failure_screenshots\verifyLogin_30_07_2017_12_54_07.png&apos;&gt; &lt;img src=&apos;C:\Users\Ajinkya\git\automation\gmail\src\main\java\com\test\automation\gmail\failure_screenshots\verifyLogin_30_07_2017_12_54_07.png&apos; height=&apos;100&apos; width=&apos;100&apos;/&gt; &lt;/a&gt;</div></td></tr><tr><th>Exception</th></tr><tr><td><div class="stacktrace">org.openqa.selenium.TimeoutException: Expected condition failed: waiting for visibility of Proxy element for: DefaultElementLocator &apos;By.xpath: //div[contains(text(), &apos;COMPOSE&apos;)]&apos; (tried for 30 second(s) with 500 MILLISECONDS interval)
	at org.openqa.selenium.support.ui.WebDriverWait.timeoutException(WebDriverWait.java:80)
	at org.openqa.selenium.support.ui.FluentWait.until(FluentWait.java:232)
	at com.test.automation.gmail.TestBase.TestBase.waitforElement(TestBase.java:78)
	at com.test.automation.gmail.Pages.InboxPage.verifyIfContainbuttonIsDisplayed(InboxPage.java:57)
	at com.test.automation.gmail.Test.TC001_VerifyLogin.verifyLogin(TC001_VerifyLogin.java:41)
Caused by: org.openqa.selenium.NoSuchElementException: Unable to locate element: //div[contains(text(), &apos;COMPOSE&apos;)]
For documentation on this error, please visit: http://seleniumhq.org/exceptions/no_such_element.html
Build info: version: &apos;3.4.0&apos;, revision: &apos;unknown&apos;, time: &apos;unknown&apos;
System info: host: &apos;AJINKYA-PC&apos;, ip: &apos;192.168.236.1&apos;, os.name: &apos;Windows 7&apos;, os.arch: &apos;amd64&apos;, os.version: &apos;6.1&apos;, java.version: &apos;1.8.0_131&apos;
Driver info: org.openqa.selenium.firefox.FirefoxDriver
Capabilities [{moz:profile=C:\Users\Ajinkya\AppData\Local\Temp\rust_mozprofile.UUUKRyGyo6LI, rotatable=false, timeouts={implicit=0.0, pageLoad=300000.0, script=30000.0}, pageLoadStrategy=normal, platform=ANY, specificationLevel=0.0, moz:accessibilityChecks=false, acceptInsecureCerts=false, browserVersion=54.0.1, platformVersion=6.1, moz:processID=5088.0, browserName=firefox, javascriptEnabled=true, platformName=windows_nt}]
Session ID: cf6fa72c-4a7f-488d-b1a6-549001e0cfb4
*** Element info: {Using=xpath, value=//div[contains(text(), &apos;COMPOSE&apos;)]}
	at org.openqa.selenium.remote.http.W3CHttpResponseCodec.createException(W3CHttpResponseCodec.java:150)
	at org.openqa.selenium.remote.http.W3CHttpResponseCodec.decode(W3CHttpResponseCodec.java:115)
	at org.openqa.selenium.remote.http.W3CHttpResponseCodec.decode(W3CHttpResponseCodec.java:45)
	at org.openqa.selenium.remote.HttpCommandExecutor.execute(HttpCommandExecutor.java:164)
	at org.openqa.selenium.remote.service.DriverCommandExecutor.execute(DriverCommandExecutor.java:82)
	at org.openqa.selenium.remote.RemoteWebDriver.execute(RemoteWebDriver.java:637)
	at org.openqa.selenium.remote.RemoteWebDriver.findElement(RemoteWebDriver.java:410)
	at org.openqa.selenium.remote.RemoteWebDriver.findElementByXPath(RemoteWebDriver.java:509)
	at org.openqa.selenium.By$ByXPath.findElement(By.java:361)
	at org.openqa.selenium.remote.RemoteWebDriver.findElement(RemoteWebDriver.java:402)
	at org.openqa.selenium.support.pagefactory.DefaultElementLocator.findElement(DefaultElementLocator.java:69)
	at org.openqa.selenium.support.pagefactory.internal.LocatingElementHandler.invoke(LocatingElementHandler.java:38)
	at com.sun.proxy.$Proxy6.isDisplayed(Unknown Source)
	at org.openqa.selenium.support.ui.ExpectedConditions.elementIfVisible(ExpectedConditions.java:302)
	at org.openqa.selenium.support.ui.ExpectedConditions.access$100(ExpectedConditions.java:44)
	at org.openqa.selenium.support.ui.ExpectedConditions$10.apply(ExpectedConditions.java:288)
	at org.openqa.selenium.support.ui.ExpectedConditions$10.apply(ExpectedConditions.java:285)
	at org.openqa.selenium.support.ui.FluentWait.until(FluentWait.java:209)
	... 27 more
... Removed 27 stack frames</div></td></tr></table><p class="totop"><a href="#summary">back to summary</a></p><h3 id="m1">com.test.automation.gmail.Test.TC002_VerifySendEmail#verifySendEmail</h3><table class="result"><tr><th>Messages</th></tr><tr><td><div class="messages">&lt;a href=&apos;C:\Users\Ajinkya\git\automation\gmail\src\main\java\com\test\automation\gmail\failure_screenshots\verifySendEmail_30_07_2017_12_55_15.png&apos;&gt; &lt;img src=&apos;C:\Users\Ajinkya\git\automation\gmail\src\main\java\com\test\automation\gmail\failure_screenshots\verifySendEmail_30_07_2017_12_55_15.png&apos; height=&apos;100&apos; width=&apos;100&apos;/&gt; &lt;/a&gt;</div></td></tr><tr><th>Exception</th></tr><tr><td><div class="stacktrace">org.openqa.selenium.TimeoutException: Expected condition failed: waiting for visibility of Proxy element for: DefaultElementLocator &apos;By.xpath: //a[contains(text(),&apos;Inbox (1)&apos;)]&apos; (tried for 30 second(s) with 500 MILLISECONDS interval)
	at org.openqa.selenium.support.ui.WebDriverWait.timeoutException(WebDriverWait.java:80)
	at org.openqa.selenium.support.ui.FluentWait.until(FluentWait.java:232)
	at com.test.automation.gmail.TestBase.TestBase.waitforElement(TestBase.java:78)
	at com.test.automation.gmail.Pages.InboxPage.verify_Message_Is_Recieved_using_Inbox(InboxPage.java:102)
	at com.test.automation.gmail.Test.TC002_VerifySendEmail.verifySendEmail(TC002_VerifySendEmail.java:46)
Caused by: org.openqa.selenium.NoSuchElementException: Unable to locate element: //a[contains(text(),&apos;Inbox (1)&apos;)]
For documentation on this error, please visit: http://seleniumhq.org/exceptions/no_such_element.html
Build info: version: &apos;3.4.0&apos;, revision: &apos;unknown&apos;, time: &apos;unknown&apos;
System info: host: &apos;AJINKYA-PC&apos;, ip: &apos;192.168.236.1&apos;, os.name: &apos;Windows 7&apos;, os.arch: &apos;amd64&apos;, os.version: &apos;6.1&apos;, java.version: &apos;1.8.0_131&apos;
Driver info: org.openqa.selenium.firefox.FirefoxDriver
Capabilities [{moz:profile=C:\Users\Ajinkya\AppData\Local\Temp\rust_mozprofile.nt1e2LQQp2d8, rotatable=false, timeouts={implicit=0.0, pageLoad=300000.0, script=30000.0}, pageLoadStrategy=normal, platform=ANY, specificationLevel=0.0, moz:accessibilityChecks=false, acceptInsecureCerts=false, browserVersion=54.0.1, platformVersion=6.1, moz:processID=3972.0, browserName=firefox, javascriptEnabled=true, platformName=windows_nt}]
Session ID: 93101356-8b03-4f21-9b72-7d48e936e064
*** Element info: {Using=xpath, value=//a[contains(text(),&apos;Inbox (1)&apos;)]}
	at org.openqa.selenium.remote.http.W3CHttpResponseCodec.createException(W3CHttpResponseCodec.java:150)
	at org.openqa.selenium.remote.http.W3CHttpResponseCodec.decode(W3CHttpResponseCodec.java:115)
	at org.openqa.selenium.remote.http.W3CHttpResponseCodec.decode(W3CHttpResponseCodec.java:45)
	at org.openqa.selenium.remote.HttpCommandExecutor.execute(HttpCommandExecutor.java:164)
	at org.openqa.selenium.remote.service.DriverCommandExecutor.execute(DriverCommandExecutor.java:82)
	at org.openqa.selenium.remote.RemoteWebDriver.execute(RemoteWebDriver.java:637)
	at org.openqa.selenium.remote.RemoteWebDriver.findElement(RemoteWebDriver.java:410)
	at org.openqa.selenium.remote.RemoteWebDriver.findElementByXPath(RemoteWebDriver.java:509)
	at org.openqa.selenium.By$ByXPath.findElement(By.java:361)
	at org.openqa.selenium.remote.RemoteWebDriver.findElement(RemoteWebDriver.java:402)
	at org.openqa.selenium.support.pagefactory.DefaultElementLocator.findElement(DefaultElementLocator.java:69)
	at org.openqa.selenium.support.pagefactory.internal.LocatingElementHandler.invoke(LocatingElementHandler.java:38)
	at com.sun.proxy.$Proxy6.isDisplayed(Unknown Source)
	at org.openqa.selenium.support.ui.ExpectedConditions.elementIfVisible(ExpectedConditions.java:302)
	at org.openqa.selenium.support.ui.ExpectedConditions.access$100(ExpectedConditions.java:44)
	at org.openqa.selenium.support.ui.ExpectedConditions$10.apply(ExpectedConditions.java:288)
	at org.openqa.selenium.support.ui.ExpectedConditions$10.apply(ExpectedConditions.java:285)
	at org.openqa.selenium.support.ui.FluentWait.until(FluentWait.java:209)
	... 27 more
... Removed 27 stack frames</div></td></tr></table><p class="totop"><a href="#summary">back to summary</a></p><h3 id="m2">com.test.automation.gmail.Test.TC003_Verify_Deletion_Of_Mail#verify_Deletion_Of_Mail</h3><table class="result"></table><p class="totop"><a href="#summary">back to summary</a></p></body></html>