<?xml version="1.0" encoding="UTF-8"?>
<testng-results skipped="0" failed="2" total="3" passed="1">
  <reporter-output>
    <line>
      <![CDATA[Test is started GmailTest]]>
    </line>
    <line>
      <![CDATA[<a href='C:\Users\Ajinkya\git\automation\gmail\src\main\java\com\test\automation\gmail\failure_screenshots\verifyLogin_30_07_2017_12_54_07.png'> <img src='C:\Users\Ajinkya\git\automation\gmail\src\main\java\com\test\automation\gmail\failure_screenshots\verifyLogin_30_07_2017_12_54_07.png' height='100' width='100'/> </a>]]>
    </line>
    <line>
      <![CDATA[<a href='C:\Users\Ajinkya\git\automation\gmail\src\main\java\com\test\automation\gmail\failure_screenshots\verifySendEmail_30_07_2017_12_55_15.png'> <img src='C:\Users\Ajinkya\git\automation\gmail\src\main\java\com\test\automation\gmail\failure_screenshots\verifySendEmail_30_07_2017_12_55_15.png' height='100' width='100'/> </a>]]>
    </line>
  </reporter-output>
  <suite name="Regression" duration-ms="1529203" started-at="2017-07-30T07:23:16Z" finished-at="2017-07-30T07:48:45Z">
    <groups>
    </groups>
    <test name="GmailTest" duration-ms="1529203" started-at="2017-07-30T07:23:16Z" finished-at="2017-07-30T07:48:45Z">
      <class name="com.test.automation.gmail.Test.TC003_Verify_Deletion_Of_Mail">
        <test-method status="PASS" signature="setUP()[pri:0, instance:com.test.automation.gmail.Test.TC003_Verify_Deletion_Of_Mail@5b464ce8]" name="setUP" is-config="true" duration-ms="18571" started-at="2017-07-30T12:55:16Z" finished-at="2017-07-30T12:55:34Z">
          <reporter-output>
          </reporter-output>
        </test-method> <!-- setUP -->
        <test-method status="PASS" signature="verify_Deletion_Of_Mail()[pri:0, instance:com.test.automation.gmail.Test.TC003_Verify_Deletion_Of_Mail@5b464ce8]" name="verify_Deletion_Of_Mail" duration-ms="17811" started-at="2017-07-30T12:55:34Z" finished-at="2017-07-30T12:55:52Z">
          <reporter-output>
          </reporter-output>
        </test-method> <!-- verify_Deletion_Of_Mail -->
        <test-method status="PASS" signature="tearDown()[pri:0, instance:com.test.automation.gmail.Test.TC003_Verify_Deletion_Of_Mail@5b464ce8]" name="tearDown" is-config="true" duration-ms="1373272" started-at="2017-07-30T12:55:52Z" finished-at="2017-07-30T13:18:45Z">
          <reporter-output>
          </reporter-output>
        </test-method> <!-- tearDown -->
      </class> <!-- com.test.automation.gmail.Test.TC003_Verify_Deletion_Of_Mail -->
      <class name="com.test.automation.gmail.Test.TC001_VerifyLogin">
        <test-method status="PASS" signature="setUp()[pri:0, instance:com.test.automation.gmail.Test.TC001_VerifyLogin@340f438e]" name="setUp" is-config="true" duration-ms="18459" started-at="2017-07-30T12:53:16Z" finished-at="2017-07-30T12:53:35Z">
          <reporter-output>
          </reporter-output>
        </test-method> <!-- setUp -->
        <test-method status="FAIL" signature="verifyLogin()[pri:0, instance:com.test.automation.gmail.Test.TC001_VerifyLogin@340f438e]" name="verifyLogin" duration-ms="32130" started-at="2017-07-30T12:53:35Z" finished-at="2017-07-30T12:54:07Z">
          <exception class="org.openqa.selenium.TimeoutException">
            <message>
              <![CDATA[Expected condition failed: waiting for visibility of Proxy element for: DefaultElementLocator 'By.xpath: //div[contains(text(), 'COMPOSE')]' (tried for 30 second(s) with 500 MILLISECONDS interval)]]>
            </message>
            <full-stacktrace>
              <![CDATA[org.openqa.selenium.TimeoutException: Expected condition failed: waiting for visibility of Proxy element for: DefaultElementLocator 'By.xpath: //div[contains(text(), 'COMPOSE')]' (tried for 30 second(s) with 500 MILLISECONDS interval)
	at org.openqa.selenium.support.ui.WebDriverWait.timeoutException(WebDriverWait.java:80)
	at org.openqa.selenium.support.ui.FluentWait.until(FluentWait.java:232)
	at com.test.automation.gmail.TestBase.TestBase.waitforElement(TestBase.java:78)
	at com.test.automation.gmail.Pages.InboxPage.verifyIfContainbuttonIsDisplayed(InboxPage.java:57)
	at com.test.automation.gmail.Test.TC001_VerifyLogin.verifyLogin(TC001_VerifyLogin.java:41)
	at sun.reflect.NativeMethodAccessorImpl.invoke0(Native Method)
	at sun.reflect.NativeMethodAccessorImpl.invoke(NativeMethodAccessorImpl.java:62)
	at sun.reflect.DelegatingMethodAccessorImpl.invoke(DelegatingMethodAccessorImpl.java:43)
	at java.lang.reflect.Method.invoke(Method.java:498)
	at org.testng.internal.MethodInvocationHelper.invokeMethod(MethodInvocationHelper.java:86)
	at org.testng.internal.Invoker.invokeMethod(Invoker.java:643)
	at org.testng.internal.Invoker.invokeTestMethod(Invoker.java:820)
	at org.testng.internal.Invoker.invokeTestMethods(Invoker.java:1128)
	at org.testng.internal.TestMethodWorker.invokeTestMethods(TestMethodWorker.java:129)
	at org.testng.internal.TestMethodWorker.run(TestMethodWorker.java:112)
	at org.testng.TestRunner.privateRun(TestRunner.java:782)
	at org.testng.TestRunner.run(TestRunner.java:632)
	at org.testng.SuiteRunner.runTest(SuiteRunner.java:366)
	at org.testng.SuiteRunner.runSequentially(SuiteRunner.java:361)
	at org.testng.SuiteRunner.privateRun(SuiteRunner.java:319)
	at org.testng.SuiteRunner.run(SuiteRunner.java:268)
	at org.testng.SuiteRunnerWorker.runSuite(SuiteRunnerWorker.java:52)
	at org.testng.SuiteRunnerWorker.run(SuiteRunnerWorker.java:86)
	at org.testng.TestNG.runSuitesSequentially(TestNG.java:1244)
	at org.testng.TestNG.runSuitesLocally(TestNG.java:1169)
	at org.testng.TestNG.run(TestNG.java:1064)
	at org.testng.remote.RemoteTestNG.run(RemoteTestNG.java:113)
	at org.testng.remote.RemoteTestNG.initAndRun(RemoteTestNG.java:206)
	at org.testng.remote.RemoteTestNG.main(RemoteTestNG.java:177)
Caused by: org.openqa.selenium.NoSuchElementException: Unable to locate element: //div[contains(text(), 'COMPOSE')]
For documentation on this error, please visit: http://seleniumhq.org/exceptions/no_such_element.html
Build info: version: '3.4.0', revision: 'unknown', time: 'unknown'
System info: host: 'AJINKYA-PC', ip: '192.168.236.1', os.name: 'Windows 7', os.arch: 'amd64', os.version: '6.1', java.version: '1.8.0_131'
Driver info: org.openqa.selenium.firefox.FirefoxDriver
Capabilities [{moz:profile=C:\Users\Ajinkya\AppData\Local\Temp\rust_mozprofile.UUUKRyGyo6LI, rotatable=false, timeouts={implicit=0.0, pageLoad=300000.0, script=30000.0}, pageLoadStrategy=normal, platform=ANY, specificationLevel=0.0, moz:accessibilityChecks=false, acceptInsecureCerts=false, browserVersion=54.0.1, platformVersion=6.1, moz:processID=5088.0, browserName=firefox, javascriptEnabled=true, platformName=windows_nt}]
Session ID: cf6fa72c-4a7f-488d-b1a6-549001e0cfb4
*** Element info: {Using=xpath, value=//div[contains(text(), 'COMPOSE')]}
	at sun.reflect.GeneratedConstructorAccessor11.newInstance(Unknown Source)
	at sun.reflect.DelegatingConstructorAccessorImpl.newInstance(DelegatingConstructorAccessorImpl.java:45)
	at java.lang.reflect.Constructor.newInstance(Constructor.java:423)
	at org.openqa.selenium.remote.http.W3CHttpResponseCodec.createException(W3CHttpResponseCodec.java:150)
	at org.openqa.selenium.remote.http.W3CHttpResponseCodec.decode(W3CHttpResponseCodec.java:115)
	at org.openqa.selenium.remote.http.W3CHttpResponseCodec.decode(W3CHttpResponseCodec.java:45)
	at org.openqa.selenium.remote.HttpCommandExecutor.execute(HttpCommandExecutor.java:164)
	at org.openqa.selenium.remote.service.DriverCommandExecutor.execute(DriverCommandExecutor.java:82)
	at org.openqa.selenium.remote.RemoteWebDriver.execute(RemoteWebDriver.java:637)
	at org.openqa.selenium.remote.RemoteWebDriver.findElement(RemoteWebDriver.java:410)
	at org.openqa.selenium.remote.RemoteWebDriver.findElementByXPath(RemoteWebDriver.java:509)
	at org.openqa.selenium.By$ByXPath.findElement(By.java:361)
	at org.openqa.selenium.remote.RemoteWebDriver.findElement(RemoteWebDriver.java:402)
	at org.openqa.selenium.support.pagefactory.DefaultElementLocator.findElement(DefaultElementLocator.java:69)
	at org.openqa.selenium.support.pagefactory.internal.LocatingElementHandler.invoke(LocatingElementHandler.java:38)
	at com.sun.proxy.$Proxy6.isDisplayed(Unknown Source)
	at org.openqa.selenium.support.ui.ExpectedConditions.elementIfVisible(ExpectedConditions.java:302)
	at org.openqa.selenium.support.ui.ExpectedConditions.access$100(ExpectedConditions.java:44)
	at org.openqa.selenium.support.ui.ExpectedConditions$10.apply(ExpectedConditions.java:288)
	at org.openqa.selenium.support.ui.ExpectedConditions$10.apply(ExpectedConditions.java:285)
	at org.openqa.selenium.support.ui.FluentWait.until(FluentWait.java:209)
	... 27 more
]]>
            </full-stacktrace>
          </exception> <!-- org.openqa.selenium.TimeoutException -->
          <reporter-output>
            <line>
              <![CDATA[<a href='C:\Users\Ajinkya\git\automation\gmail\src\main\java\com\test\automation\gmail\failure_screenshots\verifyLogin_30_07_2017_12_54_07.png'> <img src='C:\Users\Ajinkya\git\automation\gmail\src\main\java\com\test\automation\gmail\failure_screenshots\verifyLogin_30_07_2017_12_54_07.png' height='100' width='100'/> </a>]]>
            </line>
          </reporter-output>
        </test-method> <!-- verifyLogin -->
        <test-method status="PASS" signature="tearDown()[pri:0, instance:com.test.automation.gmail.Test.TC001_VerifyLogin@340f438e]" name="tearDown" is-config="true" duration-ms="566" started-at="2017-07-30T12:54:07Z" finished-at="2017-07-30T12:54:08Z">
          <reporter-output>
          </reporter-output>
        </test-method> <!-- tearDown -->
      </class> <!-- com.test.automation.gmail.Test.TC001_VerifyLogin -->
      <class name="com.test.automation.gmail.Test.TC002_VerifySendEmail">
        <test-method status="PASS" signature="setUp()[pri:0, instance:com.test.automation.gmail.Test.TC002_VerifySendEmail@30c7da1e]" name="setUp" is-config="true" duration-ms="17260" started-at="2017-07-30T12:54:08Z" finished-at="2017-07-30T12:54:25Z">
          <reporter-output>
          </reporter-output>
        </test-method> <!-- setUp -->
        <test-method status="FAIL" signature="verifySendEmail()[pri:0, instance:com.test.automation.gmail.Test.TC002_VerifySendEmail@30c7da1e]" name="verifySendEmail" duration-ms="50343" started-at="2017-07-30T12:54:25Z" finished-at="2017-07-30T12:55:15Z">
          <exception class="org.openqa.selenium.TimeoutException">
            <message>
              <![CDATA[Expected condition failed: waiting for visibility of Proxy element for: DefaultElementLocator 'By.xpath: //a[contains(text(),'Inbox (1)')]' (tried for 30 second(s) with 500 MILLISECONDS interval)]]>
            </message>
            <full-stacktrace>
              <![CDATA[org.openqa.selenium.TimeoutException: Expected condition failed: waiting for visibility of Proxy element for: DefaultElementLocator 'By.xpath: //a[contains(text(),'Inbox (1)')]' (tried for 30 second(s) with 500 MILLISECONDS interval)
	at org.openqa.selenium.support.ui.WebDriverWait.timeoutException(WebDriverWait.java:80)
	at org.openqa.selenium.support.ui.FluentWait.until(FluentWait.java:232)
	at com.test.automation.gmail.TestBase.TestBase.waitforElement(TestBase.java:78)
	at com.test.automation.gmail.Pages.InboxPage.verify_Message_Is_Recieved_using_Inbox(InboxPage.java:102)
	at com.test.automation.gmail.Test.TC002_VerifySendEmail.verifySendEmail(TC002_VerifySendEmail.java:46)
	at sun.reflect.NativeMethodAccessorImpl.invoke0(Native Method)
	at sun.reflect.NativeMethodAccessorImpl.invoke(NativeMethodAccessorImpl.java:62)
	at sun.reflect.DelegatingMethodAccessorImpl.invoke(DelegatingMethodAccessorImpl.java:43)
	at java.lang.reflect.Method.invoke(Method.java:498)
	at org.testng.internal.MethodInvocationHelper.invokeMethod(MethodInvocationHelper.java:86)
	at org.testng.internal.Invoker.invokeMethod(Invoker.java:643)
	at org.testng.internal.Invoker.invokeTestMethod(Invoker.java:820)
	at org.testng.internal.Invoker.invokeTestMethods(Invoker.java:1128)
	at org.testng.internal.TestMethodWorker.invokeTestMethods(TestMethodWorker.java:129)
	at org.testng.internal.TestMethodWorker.run(TestMethodWorker.java:112)
	at org.testng.TestRunner.privateRun(TestRunner.java:782)
	at org.testng.TestRunner.run(TestRunner.java:632)
	at org.testng.SuiteRunner.runTest(SuiteRunner.java:366)
	at org.testng.SuiteRunner.runSequentially(SuiteRunner.java:361)
	at org.testng.SuiteRunner.privateRun(SuiteRunner.java:319)
	at org.testng.SuiteRunner.run(SuiteRunner.java:268)
	at org.testng.SuiteRunnerWorker.runSuite(SuiteRunnerWorker.java:52)
	at org.testng.SuiteRunnerWorker.run(SuiteRunnerWorker.java:86)
	at org.testng.TestNG.runSuitesSequentially(TestNG.java:1244)
	at org.testng.TestNG.runSuitesLocally(TestNG.java:1169)
	at org.testng.TestNG.run(TestNG.java:1064)
	at org.testng.remote.RemoteTestNG.run(RemoteTestNG.java:113)
	at org.testng.remote.RemoteTestNG.initAndRun(RemoteTestNG.java:206)
	at org.testng.remote.RemoteTestNG.main(RemoteTestNG.java:177)
Caused by: org.openqa.selenium.NoSuchElementException: Unable to locate element: //a[contains(text(),'Inbox (1)')]
For documentation on this error, please visit: http://seleniumhq.org/exceptions/no_such_element.html
Build info: version: '3.4.0', revision: 'unknown', time: 'unknown'
System info: host: 'AJINKYA-PC', ip: '192.168.236.1', os.name: 'Windows 7', os.arch: 'amd64', os.version: '6.1', java.version: '1.8.0_131'
Driver info: org.openqa.selenium.firefox.FirefoxDriver
Capabilities [{moz:profile=C:\Users\Ajinkya\AppData\Local\Temp\rust_mozprofile.nt1e2LQQp2d8, rotatable=false, timeouts={implicit=0.0, pageLoad=300000.0, script=30000.0}, pageLoadStrategy=normal, platform=ANY, specificationLevel=0.0, moz:accessibilityChecks=false, acceptInsecureCerts=false, browserVersion=54.0.1, platformVersion=6.1, moz:processID=3972.0, browserName=firefox, javascriptEnabled=true, platformName=windows_nt}]
Session ID: 93101356-8b03-4f21-9b72-7d48e936e064
*** Element info: {Using=xpath, value=//a[contains(text(),'Inbox (1)')]}
	at sun.reflect.GeneratedConstructorAccessor11.newInstance(Unknown Source)
	at sun.reflect.DelegatingConstructorAccessorImpl.newInstance(DelegatingConstructorAccessorImpl.java:45)
	at java.lang.reflect.Constructor.newInstance(Constructor.java:423)
	at org.openqa.selenium.remote.http.W3CHttpResponseCodec.createException(W3CHttpResponseCodec.java:150)
	at org.openqa.selenium.remote.http.W3CHttpResponseCodec.decode(W3CHttpResponseCodec.java:115)
	at org.openqa.selenium.remote.http.W3CHttpResponseCodec.decode(W3CHttpResponseCodec.java:45)
	at org.openqa.selenium.remote.HttpCommandExecutor.execute(HttpCommandExecutor.java:164)
	at org.openqa.selenium.remote.service.DriverCommandExecutor.execute(DriverCommandExecutor.java:82)
	at org.openqa.selenium.remote.RemoteWebDriver.execute(RemoteWebDriver.java:637)
	at org.openqa.selenium.remote.RemoteWebDriver.findElement(RemoteWebDriver.java:410)
	at org.openqa.selenium.remote.RemoteWebDriver.findElementByXPath(RemoteWebDriver.java:509)
	at org.openqa.selenium.By$ByXPath.findElement(By.java:361)
	at org.openqa.selenium.remote.RemoteWebDriver.findElement(RemoteWebDriver.java:402)
	at org.openqa.selenium.support.pagefactory.DefaultElementLocator.findElement(DefaultElementLocator.java:69)
	at org.openqa.selenium.support.pagefactory.internal.LocatingElementHandler.invoke(LocatingElementHandler.java:38)
	at com.sun.proxy.$Proxy6.isDisplayed(Unknown Source)
	at org.openqa.selenium.support.ui.ExpectedConditions.elementIfVisible(ExpectedConditions.java:302)
	at org.openqa.selenium.support.ui.ExpectedConditions.access$100(ExpectedConditions.java:44)
	at org.openqa.selenium.support.ui.ExpectedConditions$10.apply(ExpectedConditions.java:288)
	at org.openqa.selenium.support.ui.ExpectedConditions$10.apply(ExpectedConditions.java:285)
	at org.openqa.selenium.support.ui.FluentWait.until(FluentWait.java:209)
	... 27 more
]]>
            </full-stacktrace>
          </exception> <!-- org.openqa.selenium.TimeoutException -->
          <reporter-output>
            <line>
              <![CDATA[<a href='C:\Users\Ajinkya\git\automation\gmail\src\main\java\com\test\automation\gmail\failure_screenshots\verifySendEmail_30_07_2017_12_55_15.png'> <img src='C:\Users\Ajinkya\git\automation\gmail\src\main\java\com\test\automation\gmail\failure_screenshots\verifySendEmail_30_07_2017_12_55_15.png' height='100' width='100'/> </a>]]>
            </line>
          </reporter-output>
        </test-method> <!-- verifySendEmail -->
        <test-method status="PASS" signature="tearDown()[pri:0, instance:com.test.automation.gmail.Test.TC002_VerifySendEmail@30c7da1e]" name="tearDown" is-config="true" duration-ms="580" started-at="2017-07-30T12:55:15Z" finished-at="2017-07-30T12:55:16Z">
          <reporter-output>
          </reporter-output>
        </test-method> <!-- tearDown -->
      </class> <!-- com.test.automation.gmail.Test.TC002_VerifySendEmail -->
    </test> <!-- GmailTest -->
  </suite> <!-- Regression -->
</testng-results>
